	Babylon.js Exporter version: 1.8.0, Blender version: 2.74 (sub 0)
========= Conversion from Blender to Babylon.js =========
	Python World class constructor completed
	processing begun of material:  first_city.Material.001
	processing begun of material:  first_city.Material.002
	processing begun of material:  first_city.Material.003
	processing begun of material:  first_city.Material.004
	processing begun of material:  first_city.Material.005
	WARNING texture type not currently supported:  NONE, ignored.
	processing begun of material:  first_city.Material.006
	processing begun of material:  first_city.Material.007
	processing begun of material:  first_city.Material.008
	processing begun of material:  first_city.Material.009
	processing begun of material:  first_city.Material.010
	processing begun of material:  first_city.Material.011
	processing begun of material:  first_city.Material.012
	processing begun of material:  first_city.Material.013
	processing begun of camera (FreeCamera):  Camera.Main
	processing begun of mesh:  Spawn.House1
		WARNING:  No materials have been assigned: 
		num positions      :  8
		num normals        :  8
		num uvs            :  0
		num uvs2           :  0
		num colors         :  0
		num indices        :  36
	processing begun of mesh:  Exit.House1
		WARNING:  No materials have been assigned: 
		num positions      :  8
		num normals        :  8
		num uvs            :  0
		num uvs2           :  0
		num colors         :  0
		num indices        :  36
	processing begun of mesh:  House.001
		processing begun of multimaterial:  first_city.Multimaterial#0
		num positions      :  104
		num normals        :  104
		num uvs            :  0
		num uvs2           :  0
		num colors         :  0
		num indices        :  492
	processing begun of mesh:  Spawn.South
		WARNING:  No materials have been assigned: 
		num positions      :  8
		num normals        :  8
		num uvs            :  0
		num uvs2           :  0
		num colors         :  0
		num indices        :  36
	processing begun of mesh:  Spawn.East
		WARNING:  No materials have been assigned: 
		num positions      :  8
		num normals        :  8
		num uvs            :  0
		num uvs2           :  0
		num colors         :  0
		num indices        :  36
	processing begun of mesh:  Exit.South
		WARNING:  No materials have been assigned: 
		num positions      :  8
		num normals        :  8
		num uvs            :  0
		num uvs2           :  0
		num colors         :  0
		num indices        :  36
	processing begun of mesh:  Exit.East
		WARNING:  No materials have been assigned: 
		num positions      :  8
		num normals        :  8
		num uvs            :  0
		num uvs2           :  0
		num colors         :  0
		num indices        :  36
	processing begun of mesh:  Boundries
		WARNING:  No materials have been assigned: 
		num positions      :  120
		num normals        :  120
		num uvs            :  0
		num uvs2           :  0
		num colors         :  0
		num indices        :  540
	processing begun of mesh:  Ground
		num positions      :  57
		num normals        :  57
		num uvs            :  0
		num uvs2           :  0
		num colors         :  0
		num indices        :  246
	WARNING: The following armature not visible in scene thus ignored: Armature
	WARNING: The following lamp not visible in scene thus ignored: Hemi.001
	processing begun of light (HEMI):  Hemi
	WARNING: Only directional (sun) and spot types of lamp are valid for shadows thus ignored: Hemi
========= Writing of scene file started =========
========= Writing of scene file completed =========
========= end of processing =========
