	Babylon.js Exporter version: 1.8.0, Blender version: 2.73 (sub 0)
========= Conversion from Blender to Babylon.js =========
	Python World class constructor completed
	WARNING: No active camera has been assigned, or is not in a currently selected Blender layer
	processing begun of material:  gototarget.Material
	processing begun of material:  gototarget.Material.001
	processing begun of mesh:  InnerTarget
		num positions      :  8
		num normals        :  8
		num uvs            :  0
		num uvs2           :  0
		num colors         :  0
		num indices        :  36
	processing begun of skeleton:  Armature, id:  0
	processing begun of bone:  Bone, index:  0
	animation begun of bone:  Bone
	processing complete of skeleton:  Armature
	processing begun of mesh:  target
		num positions      :  150
		num normals        :  150
		num uvs            :  0
		num uvs2           :  0
		num colors         :  0
		num indices        :  150
		num skeletonWeights:  600
		num skeletonIndices:  600
	processing begun of light (HEMI):  Hemi
========= Writing of scene file started =========
========= Writing of scene file completed =========
========= end of processing =========
