	Babylon.js Exporter version: 1.8.0, Blender version: 2.74 (sub 0)
========= Conversion from Blender to Babylon.js =========
	Python World class constructor completed
	WARNING: No active camera has been assigned, or is not in a currently selected Blender layer
	processing begun of material:  objects.Material
	WARNING texture type not currently supported:  NONE, ignored.
	processing begun of material:  objects.Material.001
	processing begun of material:  objects.Material.002
	processing begun of mesh:  Cone
		num positions      :  33
		num normals        :  33
		num uvs            :  0
		num uvs2           :  0
		num colors         :  0
		num indices        :  186
	processing begun of mesh:  Cube.001
		num positions      :  8
		num normals        :  8
		num uvs            :  0
		num uvs2           :  0
		num colors         :  0
		num indices        :  36
	processing begun of mesh:  Cube
		num positions      :  8
		num normals        :  8
		num uvs            :  0
		num uvs2           :  0
		num colors         :  0
		num indices        :  36
========= Writing of scene file started =========
========= Writing of scene file completed =========
========= end of processing =========
