	Babylon.js Exporter version: 1.8.0, Blender version: 2.73 (sub 0)
========= Conversion from Blender to Babylon.js =========
	Python World class constructor completed
	processing begun of material:  aRocket.Material
	processing begun of material:  aRocket.Material.001
	WARNING texture type not currently supported:  OCEAN, ignored.
	processing begun of material:  aRocket.Material.002
	processing begun of material:  aRocket.Material.003
	processing begun of material:  aRocket.Material.004
	processing begun of material:  aRocket.Material.005
	processing begun of material:  aRocket.Material.006
	processing begun of material:  aRocket.Material.008
	processing begun of mesh:  border.001
		WARNING:  No materials have been assigned: 
		num positions      :  8
		num normals        :  8
		num uvs            :  0
		num uvs2           :  0
		num colors         :  0
		num indices        :  36
	processing begun of mesh:  border
		WARNING:  No materials have been assigned: 
		num positions      :  8
		num normals        :  8
		num uvs            :  0
		num uvs2           :  0
		num colors         :  0
		num indices        :  36
	processing begun of mesh:  Icosphere.044
		processing begun of multimaterial:  aRocket.Multimaterial#0
		num positions      :  65
		num normals        :  65
		num uvs            :  0
		num uvs2           :  0
		num colors         :  0
		num indices        :  240
	processing begun of mesh:  Icosphere.043
		processing begun of multimaterial:  aRocket.Multimaterial#1
		num positions      :  65
		num normals        :  65
		num uvs            :  0
		num uvs2           :  0
		num colors         :  0
		num indices        :  240
	processing begun of mesh:  Icosphere.034
		processing begun of multimaterial:  aRocket.Multimaterial#2
		num positions      :  65
		num normals        :  65
		num uvs            :  0
		num uvs2           :  0
		num colors         :  0
		num indices        :  240
	processing begun of mesh:  Icosphere.042
		processing begun of multimaterial:  aRocket.Multimaterial#3
		num positions      :  65
		num normals        :  65
		num uvs            :  0
		num uvs2           :  0
		num colors         :  0
		num indices        :  240
	processing begun of mesh:  Icosphere.041
		processing begun of multimaterial:  aRocket.Multimaterial#4
		num positions      :  65
		num normals        :  65
		num uvs            :  0
		num uvs2           :  0
		num colors         :  0
		num indices        :  240
	processing begun of mesh:  Icosphere.040
		processing begun of multimaterial:  aRocket.Multimaterial#5
		num positions      :  65
		num normals        :  65
		num uvs            :  0
		num uvs2           :  0
		num colors         :  0
		num indices        :  240
	processing begun of mesh:  Icosphere.039
		processing begun of multimaterial:  aRocket.Multimaterial#6
		num positions      :  65
		num normals        :  65
		num uvs            :  0
		num uvs2           :  0
		num colors         :  0
		num indices        :  240
	processing begun of mesh:  Icosphere.038
		processing begun of multimaterial:  aRocket.Multimaterial#7
		num positions      :  65
		num normals        :  65
		num uvs            :  0
		num uvs2           :  0
		num colors         :  0
		num indices        :  240
	processing begun of mesh:  Icosphere.033
		processing begun of multimaterial:  aRocket.Multimaterial#8
		num positions      :  65
		num normals        :  65
		num uvs            :  0
		num uvs2           :  0
		num colors         :  0
		num indices        :  240
	processing begun of mesh:  Icosphere.032
		processing begun of multimaterial:  aRocket.Multimaterial#9
		num positions      :  65
		num normals        :  65
		num uvs            :  0
		num uvs2           :  0
		num colors         :  0
		num indices        :  240
	processing begun of mesh:  Icosphere.037
		processing begun of multimaterial:  aRocket.Multimaterial#10
		num positions      :  65
		num normals        :  65
		num uvs            :  0
		num uvs2           :  0
		num colors         :  0
		num indices        :  240
	processing begun of mesh:  Icosphere.035
		processing begun of multimaterial:  aRocket.Multimaterial#11
		num positions      :  65
		num normals        :  65
		num uvs            :  0
		num uvs2           :  0
		num colors         :  0
		num indices        :  240
	processing begun of mesh:  Icosphere.029
		processing begun of multimaterial:  aRocket.Multimaterial#12
		num positions      :  65
		num normals        :  65
		num uvs            :  0
		num uvs2           :  0
		num colors         :  0
		num indices        :  240
	processing begun of mesh:  Icosphere.027
		processing begun of multimaterial:  aRocket.Multimaterial#13
		num positions      :  65
		num normals        :  65
		num uvs            :  0
		num uvs2           :  0
		num colors         :  0
		num indices        :  240
	processing begun of mesh:  Icosphere.026
		processing begun of multimaterial:  aRocket.Multimaterial#14
		num positions      :  65
		num normals        :  65
		num uvs            :  0
		num uvs2           :  0
		num colors         :  0
		num indices        :  240
	processing begun of mesh:  Icosphere.025
		processing begun of multimaterial:  aRocket.Multimaterial#15
		num positions      :  65
		num normals        :  65
		num uvs            :  0
		num uvs2           :  0
		num colors         :  0
		num indices        :  240
	processing begun of mesh:  Icosphere.024
		processing begun of multimaterial:  aRocket.Multimaterial#16
		num positions      :  65
		num normals        :  65
		num uvs            :  0
		num uvs2           :  0
		num colors         :  0
		num indices        :  240
	processing begun of mesh:  Icosphere.023
		processing begun of multimaterial:  aRocket.Multimaterial#17
		num positions      :  65
		num normals        :  65
		num uvs            :  0
		num uvs2           :  0
		num colors         :  0
		num indices        :  240
	processing begun of mesh:  Icosphere.022
		processing begun of multimaterial:  aRocket.Multimaterial#18
		num positions      :  65
		num normals        :  65
		num uvs            :  0
		num uvs2           :  0
		num colors         :  0
		num indices        :  240
	processing begun of mesh:  Icosphere.021
		processing begun of multimaterial:  aRocket.Multimaterial#19
		num positions      :  65
		num normals        :  65
		num uvs            :  0
		num uvs2           :  0
		num colors         :  0
		num indices        :  240
	processing begun of mesh:  Icosphere.020
		processing begun of multimaterial:  aRocket.Multimaterial#20
		num positions      :  65
		num normals        :  65
		num uvs            :  0
		num uvs2           :  0
		num colors         :  0
		num indices        :  240
	processing begun of mesh:  Icosphere.019
		processing begun of multimaterial:  aRocket.Multimaterial#21
		num positions      :  65
		num normals        :  65
		num uvs            :  0
		num uvs2           :  0
		num colors         :  0
		num indices        :  240
	processing begun of mesh:  Icosphere.018
		processing begun of multimaterial:  aRocket.Multimaterial#22
		num positions      :  65
		num normals        :  65
		num uvs            :  0
		num uvs2           :  0
		num colors         :  0
		num indices        :  240
	processing begun of mesh:  Icosphere.016
		processing begun of multimaterial:  aRocket.Multimaterial#23
		num positions      :  65
		num normals        :  65
		num uvs            :  0
		num uvs2           :  0
		num colors         :  0
		num indices        :  240
	processing begun of mesh:  Icosphere.015
		processing begun of multimaterial:  aRocket.Multimaterial#24
		num positions      :  65
		num normals        :  65
		num uvs            :  0
		num uvs2           :  0
		num colors         :  0
		num indices        :  240
	processing begun of mesh:  Icosphere.014
		processing begun of multimaterial:  aRocket.Multimaterial#25
		num positions      :  65
		num normals        :  65
		num uvs            :  0
		num uvs2           :  0
		num colors         :  0
		num indices        :  240
	processing begun of mesh:  Icosphere.013
		processing begun of multimaterial:  aRocket.Multimaterial#26
		num positions      :  65
		num normals        :  65
		num uvs            :  0
		num uvs2           :  0
		num colors         :  0
		num indices        :  240
	processing begun of mesh:  Icosphere.012
		processing begun of multimaterial:  aRocket.Multimaterial#27
		num positions      :  65
		num normals        :  65
		num uvs            :  0
		num uvs2           :  0
		num colors         :  0
		num indices        :  240
	processing begun of mesh:  Icosphere.011
		processing begun of multimaterial:  aRocket.Multimaterial#28
		num positions      :  65
		num normals        :  65
		num uvs            :  0
		num uvs2           :  0
		num colors         :  0
		num indices        :  240
	processing begun of mesh:  Icosphere.010
		processing begun of multimaterial:  aRocket.Multimaterial#29
		num positions      :  65
		num normals        :  65
		num uvs            :  0
		num uvs2           :  0
		num colors         :  0
		num indices        :  240
	processing begun of mesh:  Icosphere.009
		processing begun of multimaterial:  aRocket.Multimaterial#30
		num positions      :  65
		num normals        :  65
		num uvs            :  0
		num uvs2           :  0
		num colors         :  0
		num indices        :  240
	processing begun of mesh:  Icosphere.008
		processing begun of multimaterial:  aRocket.Multimaterial#31
		num positions      :  65
		num normals        :  65
		num uvs            :  0
		num uvs2           :  0
		num colors         :  0
		num indices        :  240
	processing begun of mesh:  Icosphere.007
		processing begun of multimaterial:  aRocket.Multimaterial#32
		num positions      :  65
		num normals        :  65
		num uvs            :  0
		num uvs2           :  0
		num colors         :  0
		num indices        :  240
	processing begun of mesh:  Icosphere.006
		processing begun of multimaterial:  aRocket.Multimaterial#33
		num positions      :  65
		num normals        :  65
		num uvs            :  0
		num uvs2           :  0
		num colors         :  0
		num indices        :  240
	processing begun of mesh:  Icosphere.005
		processing begun of multimaterial:  aRocket.Multimaterial#34
		num positions      :  65
		num normals        :  65
		num uvs            :  0
		num uvs2           :  0
		num colors         :  0
		num indices        :  240
	processing begun of mesh:  Icosphere.004
		processing begun of multimaterial:  aRocket.Multimaterial#35
		num positions      :  65
		num normals        :  65
		num uvs            :  0
		num uvs2           :  0
		num colors         :  0
		num indices        :  240
	processing begun of mesh:  Icosphere.003
		processing begun of multimaterial:  aRocket.Multimaterial#36
		num positions      :  65
		num normals        :  65
		num uvs            :  0
		num uvs2           :  0
		num colors         :  0
		num indices        :  240
	processing begun of mesh:  Icosphere.002
		processing begun of multimaterial:  aRocket.Multimaterial#37
		num positions      :  65
		num normals        :  65
		num uvs            :  0
		num uvs2           :  0
		num colors         :  0
		num indices        :  240
	processing begun of mesh:  Plane.001
		num positions      :  4
		num normals        :  4
		num uvs            :  0
		num uvs2           :  0
		num colors         :  0
		num indices        :  6
	processing begun of mesh:  Plane
		num positions      :  4
		num normals        :  4
		num uvs            :  0
		num uvs2           :  0
		num colors         :  0
		num indices        :  6
	processing begun of mesh:  Icosphere
		processing begun of multimaterial:  aRocket.Multimaterial#38
		num positions      :  65
		num normals        :  65
		num uvs            :  0
		num uvs2           :  0
		num colors         :  0
		num indices        :  240
	processing begun of mesh:  Icosphere.001
		WARNING:  No materials have been assigned: 
		num positions      :  42
		num normals        :  42
		num uvs            :  0
		num uvs2           :  0
		num colors         :  0
		num indices        :  240
	processing begun of camera (FreeCamera):  Camera.Main
	processing begun of mesh:  Actor.Rocket
		processing begun of multimaterial:  aRocket.Multimaterial#39
		num positions      :  380
		num normals        :  380
		num uvs            :  0
		num uvs2           :  0
		num colors         :  0
		num indices        :  1620
	processing begun of light (HEMI):  Lamp.005
	processing begun of light (HEMI):  Lamp.004
	processing begun of light (HEMI):  Lamp.003
	processing begun of light (HEMI):  Lamp.002
	processing begun of light (HEMI):  Lamp.001
	processing begun of light (HEMI):  Lamp
========= Writing of scene file started =========
========= Writing of scene file completed =========
========= end of processing =========
