	Babylon.js Exporter version: 1.8.0, Blender version: 2.73 (sub 0)
========= Conversion from Blender to Babylon.js =========
	Python World class constructor completed
	processing begun of material:  candyroad.Material
	processing begun of material:  candyroad.Material.001
	processing begun of material:  candyroad.Material.002
	processing begun of material:  candyroad.Material.003
	processing begun of material:  candyroad.Material.004
	processing begun of material:  candyroad.Material.005
	processing begun of material:  candyroad.Material.006
	processing begun of material:  candyroad.Material.007
	processing begun of material:  candyroad.Material.008
	processing begun of material:  candyroad.Material.009
	processing begun of material:  candyroad.Material.010
	processing begun of mesh:  Larry
		processing begun of multimaterial:  candyroad.Multimaterial#0
		num positions      :  14107
		num normals        :  14107
		num uvs            :  0
		num uvs2           :  0
		num colors         :  0
		num indices        :  44244
	processing begun of camera (FreeCamera):  Camera.Main
	processing begun of mesh:  Enemy.Brocolli.034
		num positions      :  226
		num normals        :  226
		num uvs            :  0
		num uvs2           :  0
		num colors         :  0
		num indices        :  1332
	processing begun of mesh:  Enemy.Brocolli.033
		num positions      :  226
		num normals        :  226
		num uvs            :  0
		num uvs2           :  0
		num colors         :  0
		num indices        :  1332
	processing begun of mesh:  Enemy.Brocolli.032
		num positions      :  226
		num normals        :  226
		num uvs            :  0
		num uvs2           :  0
		num colors         :  0
		num indices        :  1332
	processing begun of mesh:  Enemy.Brocolli.031
		num positions      :  226
		num normals        :  226
		num uvs            :  0
		num uvs2           :  0
		num colors         :  0
		num indices        :  1332
	processing begun of mesh:  Enemy.Brocolli.030
		num positions      :  226
		num normals        :  226
		num uvs            :  0
		num uvs2           :  0
		num colors         :  0
		num indices        :  1332
	processing begun of mesh:  Enemy.Brocolli.029
		num positions      :  226
		num normals        :  226
		num uvs            :  0
		num uvs2           :  0
		num colors         :  0
		num indices        :  1332
	processing begun of mesh:  Enemy.Brocolli.028
		num positions      :  226
		num normals        :  226
		num uvs            :  0
		num uvs2           :  0
		num colors         :  0
		num indices        :  1332
	processing begun of mesh:  Enemy.Brocolli.027
		num positions      :  226
		num normals        :  226
		num uvs            :  0
		num uvs2           :  0
		num colors         :  0
		num indices        :  1332
	processing begun of mesh:  Enemy.Brocolli.026
		num positions      :  226
		num normals        :  226
		num uvs            :  0
		num uvs2           :  0
		num colors         :  0
		num indices        :  1332
	processing begun of mesh:  Enemy.Brocolli.025
		num positions      :  226
		num normals        :  226
		num uvs            :  0
		num uvs2           :  0
		num colors         :  0
		num indices        :  1332
	processing begun of mesh:  Enemy.Brocolli.024
		num positions      :  226
		num normals        :  226
		num uvs            :  0
		num uvs2           :  0
		num colors         :  0
		num indices        :  1332
	processing begun of mesh:  Enemy.Brocolli.023
		num positions      :  226
		num normals        :  226
		num uvs            :  0
		num uvs2           :  0
		num colors         :  0
		num indices        :  1332
	processing begun of mesh:  Enemy.Brocolli.022
		num positions      :  226
		num normals        :  226
		num uvs            :  0
		num uvs2           :  0
		num colors         :  0
		num indices        :  1332
	processing begun of mesh:  Enemy.Brocolli.021
		num positions      :  226
		num normals        :  226
		num uvs            :  0
		num uvs2           :  0
		num colors         :  0
		num indices        :  1332
	processing begun of mesh:  Enemy.Brocolli.020
		num positions      :  226
		num normals        :  226
		num uvs            :  0
		num uvs2           :  0
		num colors         :  0
		num indices        :  1332
	processing begun of mesh:  Enemy.Brocolli.019
		num positions      :  226
		num normals        :  226
		num uvs            :  0
		num uvs2           :  0
		num colors         :  0
		num indices        :  1332
	processing begun of mesh:  Enemy.Brocolli.018
		num positions      :  226
		num normals        :  226
		num uvs            :  0
		num uvs2           :  0
		num colors         :  0
		num indices        :  1332
	processing begun of mesh:  Enemy.Brocolli.017
		num positions      :  226
		num normals        :  226
		num uvs            :  0
		num uvs2           :  0
		num colors         :  0
		num indices        :  1332
	processing begun of mesh:  Enemy.Brocolli.016
		num positions      :  226
		num normals        :  226
		num uvs            :  0
		num uvs2           :  0
		num colors         :  0
		num indices        :  1332
	processing begun of mesh:  Enemy.Brocolli.015
		num positions      :  226
		num normals        :  226
		num uvs            :  0
		num uvs2           :  0
		num colors         :  0
		num indices        :  1332
	processing begun of mesh:  Enemy.Brocolli.014
		num positions      :  226
		num normals        :  226
		num uvs            :  0
		num uvs2           :  0
		num colors         :  0
		num indices        :  1332
	processing begun of mesh:  Enemy.Brocolli.013
		num positions      :  226
		num normals        :  226
		num uvs            :  0
		num uvs2           :  0
		num colors         :  0
		num indices        :  1332
	processing begun of mesh:  Enemy.Brocolli.012
		num positions      :  226
		num normals        :  226
		num uvs            :  0
		num uvs2           :  0
		num colors         :  0
		num indices        :  1332
	processing begun of mesh:  Enemy.Brocolli.011
		num positions      :  226
		num normals        :  226
		num uvs            :  0
		num uvs2           :  0
		num colors         :  0
		num indices        :  1332
	processing begun of mesh:  Enemy.Brocolli.010
		num positions      :  226
		num normals        :  226
		num uvs            :  0
		num uvs2           :  0
		num colors         :  0
		num indices        :  1332
	processing begun of mesh:  Enemy.Brocolli.009
		num positions      :  226
		num normals        :  226
		num uvs            :  0
		num uvs2           :  0
		num colors         :  0
		num indices        :  1332
	processing begun of mesh:  Enemy.Brocolli.008
		num positions      :  226
		num normals        :  226
		num uvs            :  0
		num uvs2           :  0
		num colors         :  0
		num indices        :  1332
	processing begun of mesh:  Enemy.Brocolli.007
		num positions      :  226
		num normals        :  226
		num uvs            :  0
		num uvs2           :  0
		num colors         :  0
		num indices        :  1332
	processing begun of mesh:  Enemy.Brocolli.006
		num positions      :  226
		num normals        :  226
		num uvs            :  0
		num uvs2           :  0
		num colors         :  0
		num indices        :  1332
	processing begun of mesh:  Enemy.Brocolli.005
		num positions      :  226
		num normals        :  226
		num uvs            :  0
		num uvs2           :  0
		num colors         :  0
		num indices        :  1332
	processing begun of mesh:  Enemy.Brocolli.004
		num positions      :  226
		num normals        :  226
		num uvs            :  0
		num uvs2           :  0
		num colors         :  0
		num indices        :  1332
	processing begun of mesh:  Enemy.Brocolli.003
		num positions      :  226
		num normals        :  226
		num uvs            :  0
		num uvs2           :  0
		num colors         :  0
		num indices        :  1332
	processing begun of mesh:  Enemy.Brocolli.002
		num positions      :  226
		num normals        :  226
		num uvs            :  0
		num uvs2           :  0
		num colors         :  0
		num indices        :  1332
	processing begun of mesh:  Enemy.Brocolli.001
		num positions      :  226
		num normals        :  226
		num uvs            :  0
		num uvs2           :  0
		num colors         :  0
		num indices        :  1332
	processing begun of mesh:  Circle
		WARNING:  No materials have been assigned: 
		num positions      :  0
		num normals        :  0
		num uvs            :  0
		num uvs2           :  0
		num colors         :  0
		num indices        :  0
	processing begun of mesh:  Cylinder
		WARNING:  No materials have been assigned: 
		num positions      :  64
		num normals        :  64
		num uvs            :  0
		num uvs2           :  0
		num colors         :  0
		num indices        :  372
	processing begun of mesh:  Cube.001
		num positions      :  8
		num normals        :  8
		num uvs            :  0
		num uvs2           :  0
		num colors         :  0
		num indices        :  36
	processing begun of mesh:  Cube
		num positions      :  8
		num normals        :  8
		num uvs            :  0
		num uvs2           :  0
		num colors         :  0
		num indices        :  36
	processing begun of mesh:  Plane
		num positions      :  4
		num normals        :  4
		num uvs            :  0
		num uvs2           :  0
		num colors         :  0
		num indices        :  6
	processing begun of mesh:  Enemy.Brocolli
		num positions      :  226
		num normals        :  226
		num uvs            :  0
		num uvs2           :  0
		num colors         :  0
		num indices        :  1332
	processing begun of light (HEMI):  Lamp
========= Writing of scene file started =========
========= Writing of scene file completed =========
========= end of processing =========
