	Babylon.js Exporter version: 1.8.0, Blender version: 2.73 (sub 0)
========= Conversion from Blender to Babylon.js =========
	Python World class constructor completed
	processing begun of material:  me.Material.001
	WARNING texture type not currently supported:  NONE, ignored.
	processing begun of material:  me.Material.002
	processing begun of material:  me.Material.003
	processing begun of material:  me.Material.004
	processing begun of material:  me.Material.005
	processing begun of material:  me.Material.006
	processing begun of mesh:  border.001
		WARNING:  No materials have been assigned: 
		num positions      :  8
		num normals        :  8
		num uvs            :  0
		num uvs2           :  0
		num colors         :  0
		num indices        :  36
	processing begun of mesh:  border
		WARNING:  No materials have been assigned: 
		num positions      :  8
		num normals        :  8
		num uvs            :  0
		num uvs2           :  0
		num colors         :  0
		num indices        :  36
	processing begun of mesh:  Icosphere.097
		processing begun of multimaterial:  me.Multimaterial#0
		num positions      :  73
		num normals        :  73
		num uvs            :  0
		num uvs2           :  0
		num colors         :  0
		num indices        :  246
	processing begun of mesh:  Icosphere.095
		processing begun of multimaterial:  me.Multimaterial#1
		num positions      :  73
		num normals        :  73
		num uvs            :  0
		num uvs2           :  0
		num colors         :  0
		num indices        :  246
	processing begun of mesh:  Icosphere.094
		processing begun of multimaterial:  me.Multimaterial#2
		num positions      :  73
		num normals        :  73
		num uvs            :  0
		num uvs2           :  0
		num colors         :  0
		num indices        :  246
	processing begun of mesh:  Icosphere.093
		processing begun of multimaterial:  me.Multimaterial#3
		num positions      :  73
		num normals        :  73
		num uvs            :  0
		num uvs2           :  0
		num colors         :  0
		num indices        :  246
	processing begun of mesh:  Icosphere.092
		processing begun of multimaterial:  me.Multimaterial#4
		num positions      :  73
		num normals        :  73
		num uvs            :  0
		num uvs2           :  0
		num colors         :  0
		num indices        :  246
	processing begun of mesh:  Icosphere.091
		processing begun of multimaterial:  me.Multimaterial#5
		num positions      :  73
		num normals        :  73
		num uvs            :  0
		num uvs2           :  0
		num colors         :  0
		num indices        :  246
	processing begun of mesh:  Icosphere.090
		processing begun of multimaterial:  me.Multimaterial#6
		num positions      :  73
		num normals        :  73
		num uvs            :  0
		num uvs2           :  0
		num colors         :  0
		num indices        :  246
	processing begun of mesh:  Icosphere.089
		processing begun of multimaterial:  me.Multimaterial#7
		num positions      :  73
		num normals        :  73
		num uvs            :  0
		num uvs2           :  0
		num colors         :  0
		num indices        :  246
	processing begun of mesh:  Icosphere.088
		processing begun of multimaterial:  me.Multimaterial#8
		num positions      :  73
		num normals        :  73
		num uvs            :  0
		num uvs2           :  0
		num colors         :  0
		num indices        :  246
	processing begun of mesh:  Icosphere.087
		processing begun of multimaterial:  me.Multimaterial#9
		num positions      :  73
		num normals        :  73
		num uvs            :  0
		num uvs2           :  0
		num colors         :  0
		num indices        :  246
	processing begun of mesh:  Icosphere.086
		processing begun of multimaterial:  me.Multimaterial#10
		num positions      :  73
		num normals        :  73
		num uvs            :  0
		num uvs2           :  0
		num colors         :  0
		num indices        :  246
	processing begun of mesh:  Icosphere.085
		processing begun of multimaterial:  me.Multimaterial#11
		num positions      :  73
		num normals        :  73
		num uvs            :  0
		num uvs2           :  0
		num colors         :  0
		num indices        :  246
	processing begun of mesh:  Icosphere.084
		processing begun of multimaterial:  me.Multimaterial#12
		num positions      :  73
		num normals        :  73
		num uvs            :  0
		num uvs2           :  0
		num colors         :  0
		num indices        :  246
	processing begun of mesh:  Icosphere.083
		processing begun of multimaterial:  me.Multimaterial#13
		num positions      :  73
		num normals        :  73
		num uvs            :  0
		num uvs2           :  0
		num colors         :  0
		num indices        :  246
	processing begun of mesh:  Icosphere.082
		processing begun of multimaterial:  me.Multimaterial#14
		num positions      :  73
		num normals        :  73
		num uvs            :  0
		num uvs2           :  0
		num colors         :  0
		num indices        :  246
	processing begun of mesh:  Icosphere.081
		processing begun of multimaterial:  me.Multimaterial#15
		num positions      :  73
		num normals        :  73
		num uvs            :  0
		num uvs2           :  0
		num colors         :  0
		num indices        :  246
	processing begun of mesh:  Icosphere.080
		processing begun of multimaterial:  me.Multimaterial#16
		num positions      :  73
		num normals        :  73
		num uvs            :  0
		num uvs2           :  0
		num colors         :  0
		num indices        :  246
	processing begun of mesh:  Icosphere.079
		processing begun of multimaterial:  me.Multimaterial#17
		num positions      :  73
		num normals        :  73
		num uvs            :  0
		num uvs2           :  0
		num colors         :  0
		num indices        :  246
	processing begun of mesh:  Icosphere.078
		processing begun of multimaterial:  me.Multimaterial#18
		num positions      :  73
		num normals        :  73
		num uvs            :  0
		num uvs2           :  0
		num colors         :  0
		num indices        :  246
	processing begun of mesh:  Icosphere.077
		processing begun of multimaterial:  me.Multimaterial#19
		num positions      :  73
		num normals        :  73
		num uvs            :  0
		num uvs2           :  0
		num colors         :  0
		num indices        :  246
	processing begun of mesh:  Icosphere.076
		processing begun of multimaterial:  me.Multimaterial#20
		num positions      :  73
		num normals        :  73
		num uvs            :  0
		num uvs2           :  0
		num colors         :  0
		num indices        :  246
	processing begun of mesh:  Icosphere.075
		processing begun of multimaterial:  me.Multimaterial#21
		num positions      :  73
		num normals        :  73
		num uvs            :  0
		num uvs2           :  0
		num colors         :  0
		num indices        :  246
	processing begun of mesh:  Icosphere.074
		processing begun of multimaterial:  me.Multimaterial#22
		num positions      :  73
		num normals        :  73
		num uvs            :  0
		num uvs2           :  0
		num colors         :  0
		num indices        :  246
	processing begun of mesh:  Icosphere.073
		processing begun of multimaterial:  me.Multimaterial#23
		num positions      :  73
		num normals        :  73
		num uvs            :  0
		num uvs2           :  0
		num colors         :  0
		num indices        :  246
	processing begun of mesh:  Icosphere.072
		processing begun of multimaterial:  me.Multimaterial#24
		num positions      :  73
		num normals        :  73
		num uvs            :  0
		num uvs2           :  0
		num colors         :  0
		num indices        :  246
	processing begun of mesh:  Icosphere.071
		processing begun of multimaterial:  me.Multimaterial#25
		num positions      :  73
		num normals        :  73
		num uvs            :  0
		num uvs2           :  0
		num colors         :  0
		num indices        :  246
	processing begun of mesh:  Icosphere.070
		processing begun of multimaterial:  me.Multimaterial#26
		num positions      :  73
		num normals        :  73
		num uvs            :  0
		num uvs2           :  0
		num colors         :  0
		num indices        :  246
	processing begun of mesh:  Icosphere.069
		processing begun of multimaterial:  me.Multimaterial#27
		num positions      :  73
		num normals        :  73
		num uvs            :  0
		num uvs2           :  0
		num colors         :  0
		num indices        :  246
	processing begun of mesh:  Icosphere.068
		processing begun of multimaterial:  me.Multimaterial#28
		num positions      :  73
		num normals        :  73
		num uvs            :  0
		num uvs2           :  0
		num colors         :  0
		num indices        :  246
	processing begun of mesh:  Icosphere.067
		processing begun of multimaterial:  me.Multimaterial#29
		num positions      :  73
		num normals        :  73
		num uvs            :  0
		num uvs2           :  0
		num colors         :  0
		num indices        :  246
	processing begun of mesh:  Icosphere.066
		processing begun of multimaterial:  me.Multimaterial#30
		num positions      :  73
		num normals        :  73
		num uvs            :  0
		num uvs2           :  0
		num colors         :  0
		num indices        :  246
	processing begun of mesh:  Icosphere.065
		processing begun of multimaterial:  me.Multimaterial#31
		num positions      :  73
		num normals        :  73
		num uvs            :  0
		num uvs2           :  0
		num colors         :  0
		num indices        :  246
	processing begun of mesh:  Icosphere.064
		processing begun of multimaterial:  me.Multimaterial#32
		num positions      :  73
		num normals        :  73
		num uvs            :  0
		num uvs2           :  0
		num colors         :  0
		num indices        :  246
	processing begun of mesh:  Icosphere.063
		processing begun of multimaterial:  me.Multimaterial#33
		num positions      :  73
		num normals        :  73
		num uvs            :  0
		num uvs2           :  0
		num colors         :  0
		num indices        :  246
	processing begun of mesh:  Icosphere.062
		processing begun of multimaterial:  me.Multimaterial#34
		num positions      :  73
		num normals        :  73
		num uvs            :  0
		num uvs2           :  0
		num colors         :  0
		num indices        :  246
	processing begun of mesh:  Icosphere.061
		processing begun of multimaterial:  me.Multimaterial#35
		num positions      :  73
		num normals        :  73
		num uvs            :  0
		num uvs2           :  0
		num colors         :  0
		num indices        :  246
	processing begun of mesh:  Icosphere.060
		processing begun of multimaterial:  me.Multimaterial#36
		num positions      :  73
		num normals        :  73
		num uvs            :  0
		num uvs2           :  0
		num colors         :  0
		num indices        :  246
	processing begun of mesh:  Icosphere.059
		processing begun of multimaterial:  me.Multimaterial#37
		num positions      :  73
		num normals        :  73
		num uvs            :  0
		num uvs2           :  0
		num colors         :  0
		num indices        :  246
	processing begun of mesh:  Icosphere.058
		processing begun of multimaterial:  me.Multimaterial#38
		num positions      :  73
		num normals        :  73
		num uvs            :  0
		num uvs2           :  0
		num colors         :  0
		num indices        :  246
	processing begun of mesh:  Icosphere.057
		processing begun of multimaterial:  me.Multimaterial#39
		num positions      :  73
		num normals        :  73
		num uvs            :  0
		num uvs2           :  0
		num colors         :  0
		num indices        :  246
	processing begun of mesh:  Icosphere.056
		processing begun of multimaterial:  me.Multimaterial#40
		num positions      :  73
		num normals        :  73
		num uvs            :  0
		num uvs2           :  0
		num colors         :  0
		num indices        :  246
	processing begun of mesh:  Icosphere.055
		processing begun of multimaterial:  me.Multimaterial#41
		num positions      :  73
		num normals        :  73
		num uvs            :  0
		num uvs2           :  0
		num colors         :  0
		num indices        :  246
	processing begun of mesh:  Icosphere.054
		processing begun of multimaterial:  me.Multimaterial#42
		num positions      :  73
		num normals        :  73
		num uvs            :  0
		num uvs2           :  0
		num colors         :  0
		num indices        :  246
	processing begun of mesh:  Icosphere.053
		processing begun of multimaterial:  me.Multimaterial#43
		num positions      :  73
		num normals        :  73
		num uvs            :  0
		num uvs2           :  0
		num colors         :  0
		num indices        :  246
	processing begun of mesh:  Icosphere.052
		processing begun of multimaterial:  me.Multimaterial#44
		num positions      :  73
		num normals        :  73
		num uvs            :  0
		num uvs2           :  0
		num colors         :  0
		num indices        :  246
	processing begun of mesh:  Icosphere.051
		processing begun of multimaterial:  me.Multimaterial#45
		num positions      :  73
		num normals        :  73
		num uvs            :  0
		num uvs2           :  0
		num colors         :  0
		num indices        :  246
	processing begun of mesh:  Icosphere.050
		processing begun of multimaterial:  me.Multimaterial#46
		num positions      :  73
		num normals        :  73
		num uvs            :  0
		num uvs2           :  0
		num colors         :  0
		num indices        :  246
	processing begun of mesh:  Icosphere.049
		processing begun of multimaterial:  me.Multimaterial#47
		num positions      :  73
		num normals        :  73
		num uvs            :  0
		num uvs2           :  0
		num colors         :  0
		num indices        :  246
	processing begun of mesh:  Icosphere.048
		processing begun of multimaterial:  me.Multimaterial#48
		num positions      :  73
		num normals        :  73
		num uvs            :  0
		num uvs2           :  0
		num colors         :  0
		num indices        :  246
	processing begun of mesh:  Icosphere.047
		processing begun of multimaterial:  me.Multimaterial#49
		num positions      :  73
		num normals        :  73
		num uvs            :  0
		num uvs2           :  0
		num colors         :  0
		num indices        :  246
	processing begun of mesh:  Icosphere.046
		processing begun of multimaterial:  me.Multimaterial#50
		num positions      :  73
		num normals        :  73
		num uvs            :  0
		num uvs2           :  0
		num colors         :  0
		num indices        :  246
	processing begun of mesh:  Icosphere.045
		processing begun of multimaterial:  me.Multimaterial#51
		num positions      :  73
		num normals        :  73
		num uvs            :  0
		num uvs2           :  0
		num colors         :  0
		num indices        :  246
	processing begun of mesh:  Icosphere.044
		processing begun of multimaterial:  me.Multimaterial#52
		num positions      :  73
		num normals        :  73
		num uvs            :  0
		num uvs2           :  0
		num colors         :  0
		num indices        :  246
	processing begun of mesh:  Icosphere.043
		processing begun of multimaterial:  me.Multimaterial#53
		num positions      :  73
		num normals        :  73
		num uvs            :  0
		num uvs2           :  0
		num colors         :  0
		num indices        :  246
	processing begun of mesh:  Icosphere.042
		processing begun of multimaterial:  me.Multimaterial#54
		num positions      :  73
		num normals        :  73
		num uvs            :  0
		num uvs2           :  0
		num colors         :  0
		num indices        :  246
	processing begun of mesh:  Icosphere.041
		processing begun of multimaterial:  me.Multimaterial#55
		num positions      :  73
		num normals        :  73
		num uvs            :  0
		num uvs2           :  0
		num colors         :  0
		num indices        :  246
	processing begun of mesh:  Icosphere.040
		processing begun of multimaterial:  me.Multimaterial#56
		num positions      :  73
		num normals        :  73
		num uvs            :  0
		num uvs2           :  0
		num colors         :  0
		num indices        :  246
	processing begun of mesh:  Icosphere.039
		processing begun of multimaterial:  me.Multimaterial#57
		num positions      :  73
		num normals        :  73
		num uvs            :  0
		num uvs2           :  0
		num colors         :  0
		num indices        :  246
	processing begun of mesh:  Icosphere.038
		processing begun of multimaterial:  me.Multimaterial#58
		num positions      :  73
		num normals        :  73
		num uvs            :  0
		num uvs2           :  0
		num colors         :  0
		num indices        :  246
	processing begun of mesh:  Icosphere.037
		processing begun of multimaterial:  me.Multimaterial#59
		num positions      :  73
		num normals        :  73
		num uvs            :  0
		num uvs2           :  0
		num colors         :  0
		num indices        :  246
	processing begun of mesh:  Icosphere.036
		processing begun of multimaterial:  me.Multimaterial#60
		num positions      :  73
		num normals        :  73
		num uvs            :  0
		num uvs2           :  0
		num colors         :  0
		num indices        :  246
	processing begun of mesh:  Icosphere.035
		processing begun of multimaterial:  me.Multimaterial#61
		num positions      :  73
		num normals        :  73
		num uvs            :  0
		num uvs2           :  0
		num colors         :  0
		num indices        :  246
	processing begun of mesh:  Icosphere.034
		processing begun of multimaterial:  me.Multimaterial#62
		num positions      :  73
		num normals        :  73
		num uvs            :  0
		num uvs2           :  0
		num colors         :  0
		num indices        :  246
	processing begun of mesh:  Icosphere.033
		processing begun of multimaterial:  me.Multimaterial#63
		num positions      :  73
		num normals        :  73
		num uvs            :  0
		num uvs2           :  0
		num colors         :  0
		num indices        :  246
	processing begun of mesh:  Icosphere.032
		processing begun of multimaterial:  me.Multimaterial#64
		num positions      :  73
		num normals        :  73
		num uvs            :  0
		num uvs2           :  0
		num colors         :  0
		num indices        :  246
	processing begun of mesh:  Icosphere.031
		processing begun of multimaterial:  me.Multimaterial#65
		num positions      :  73
		num normals        :  73
		num uvs            :  0
		num uvs2           :  0
		num colors         :  0
		num indices        :  246
	processing begun of mesh:  Icosphere.030
		processing begun of multimaterial:  me.Multimaterial#66
		num positions      :  73
		num normals        :  73
		num uvs            :  0
		num uvs2           :  0
		num colors         :  0
		num indices        :  246
	processing begun of mesh:  Icosphere.029
		processing begun of multimaterial:  me.Multimaterial#67
		num positions      :  73
		num normals        :  73
		num uvs            :  0
		num uvs2           :  0
		num colors         :  0
		num indices        :  246
	processing begun of mesh:  Icosphere.028
		processing begun of multimaterial:  me.Multimaterial#68
		num positions      :  73
		num normals        :  73
		num uvs            :  0
		num uvs2           :  0
		num colors         :  0
		num indices        :  246
	processing begun of mesh:  Icosphere.027
		processing begun of multimaterial:  me.Multimaterial#69
		num positions      :  73
		num normals        :  73
		num uvs            :  0
		num uvs2           :  0
		num colors         :  0
		num indices        :  246
	processing begun of mesh:  Icosphere.026
		processing begun of multimaterial:  me.Multimaterial#70
		num positions      :  73
		num normals        :  73
		num uvs            :  0
		num uvs2           :  0
		num colors         :  0
		num indices        :  246
	processing begun of mesh:  Icosphere.025
		processing begun of multimaterial:  me.Multimaterial#71
		num positions      :  73
		num normals        :  73
		num uvs            :  0
		num uvs2           :  0
		num colors         :  0
		num indices        :  246
	processing begun of mesh:  Icosphere.024
		processing begun of multimaterial:  me.Multimaterial#72
		num positions      :  73
		num normals        :  73
		num uvs            :  0
		num uvs2           :  0
		num colors         :  0
		num indices        :  246
	processing begun of mesh:  Icosphere.023
		processing begun of multimaterial:  me.Multimaterial#73
		num positions      :  73
		num normals        :  73
		num uvs            :  0
		num uvs2           :  0
		num colors         :  0
		num indices        :  246
	processing begun of mesh:  Icosphere.022
		processing begun of multimaterial:  me.Multimaterial#74
		num positions      :  73
		num normals        :  73
		num uvs            :  0
		num uvs2           :  0
		num colors         :  0
		num indices        :  246
	processing begun of mesh:  Icosphere.021
		processing begun of multimaterial:  me.Multimaterial#75
		num positions      :  73
		num normals        :  73
		num uvs            :  0
		num uvs2           :  0
		num colors         :  0
		num indices        :  246
	processing begun of mesh:  Icosphere.020
		processing begun of multimaterial:  me.Multimaterial#76
		num positions      :  73
		num normals        :  73
		num uvs            :  0
		num uvs2           :  0
		num colors         :  0
		num indices        :  246
	processing begun of mesh:  Icosphere.019
		processing begun of multimaterial:  me.Multimaterial#77
		num positions      :  73
		num normals        :  73
		num uvs            :  0
		num uvs2           :  0
		num colors         :  0
		num indices        :  246
	processing begun of mesh:  Icosphere.018
		processing begun of multimaterial:  me.Multimaterial#78
		num positions      :  73
		num normals        :  73
		num uvs            :  0
		num uvs2           :  0
		num colors         :  0
		num indices        :  246
	processing begun of mesh:  Icosphere.017
		processing begun of multimaterial:  me.Multimaterial#79
		num positions      :  73
		num normals        :  73
		num uvs            :  0
		num uvs2           :  0
		num colors         :  0
		num indices        :  246
	processing begun of mesh:  Icosphere.016
		processing begun of multimaterial:  me.Multimaterial#80
		num positions      :  73
		num normals        :  73
		num uvs            :  0
		num uvs2           :  0
		num colors         :  0
		num indices        :  246
	processing begun of mesh:  Icosphere.015
		processing begun of multimaterial:  me.Multimaterial#81
		num positions      :  73
		num normals        :  73
		num uvs            :  0
		num uvs2           :  0
		num colors         :  0
		num indices        :  246
	processing begun of mesh:  Icosphere.014
		processing begun of multimaterial:  me.Multimaterial#82
		num positions      :  73
		num normals        :  73
		num uvs            :  0
		num uvs2           :  0
		num colors         :  0
		num indices        :  246
	processing begun of mesh:  Icosphere.013
		processing begun of multimaterial:  me.Multimaterial#83
		num positions      :  73
		num normals        :  73
		num uvs            :  0
		num uvs2           :  0
		num colors         :  0
		num indices        :  246
	processing begun of mesh:  Icosphere.012
		processing begun of multimaterial:  me.Multimaterial#84
		num positions      :  73
		num normals        :  73
		num uvs            :  0
		num uvs2           :  0
		num colors         :  0
		num indices        :  246
	processing begun of mesh:  Icosphere.011
		processing begun of multimaterial:  me.Multimaterial#85
		num positions      :  73
		num normals        :  73
		num uvs            :  0
		num uvs2           :  0
		num colors         :  0
		num indices        :  246
	processing begun of mesh:  Icosphere.010
		processing begun of multimaterial:  me.Multimaterial#86
		num positions      :  73
		num normals        :  73
		num uvs            :  0
		num uvs2           :  0
		num colors         :  0
		num indices        :  246
	processing begun of mesh:  Icosphere.009
		processing begun of multimaterial:  me.Multimaterial#87
		num positions      :  73
		num normals        :  73
		num uvs            :  0
		num uvs2           :  0
		num colors         :  0
		num indices        :  246
	processing begun of mesh:  Icosphere.008
		processing begun of multimaterial:  me.Multimaterial#88
		num positions      :  73
		num normals        :  73
		num uvs            :  0
		num uvs2           :  0
		num colors         :  0
		num indices        :  246
	processing begun of mesh:  Icosphere.007
		processing begun of multimaterial:  me.Multimaterial#89
		num positions      :  73
		num normals        :  73
		num uvs            :  0
		num uvs2           :  0
		num colors         :  0
		num indices        :  246
	processing begun of mesh:  Icosphere.006
		processing begun of multimaterial:  me.Multimaterial#90
		num positions      :  73
		num normals        :  73
		num uvs            :  0
		num uvs2           :  0
		num colors         :  0
		num indices        :  246
	processing begun of mesh:  Icosphere.005
		processing begun of multimaterial:  me.Multimaterial#91
		num positions      :  73
		num normals        :  73
		num uvs            :  0
		num uvs2           :  0
		num colors         :  0
		num indices        :  246
	processing begun of mesh:  Icosphere.004
		processing begun of multimaterial:  me.Multimaterial#92
		num positions      :  73
		num normals        :  73
		num uvs            :  0
		num uvs2           :  0
		num colors         :  0
		num indices        :  246
	processing begun of mesh:  Icosphere.003
		processing begun of multimaterial:  me.Multimaterial#93
		num positions      :  73
		num normals        :  73
		num uvs            :  0
		num uvs2           :  0
		num colors         :  0
		num indices        :  246
	processing begun of mesh:  Icosphere.002
		processing begun of multimaterial:  me.Multimaterial#94
		num positions      :  73
		num normals        :  73
		num uvs            :  0
		num uvs2           :  0
		num colors         :  0
		num indices        :  246
	processing begun of mesh:  Icosphere.001
		processing begun of multimaterial:  me.Multimaterial#95
		num positions      :  73
		num normals        :  73
		num uvs            :  0
		num uvs2           :  0
		num colors         :  0
		num indices        :  246
	processing begun of mesh:  Plane
		num positions      :  4
		num normals        :  4
		num uvs            :  0
		num uvs2           :  0
		num colors         :  0
		num indices        :  6
	processing begun of mesh:  Icosphere
		processing begun of multimaterial:  me.Multimaterial#96
		num positions      :  73
		num normals        :  73
		num uvs            :  0
		num uvs2           :  0
		num colors         :  0
		num indices        :  246
	processing begun of camera (FreeCamera):  Camera.Main
	processing begun of mesh:  rocket
		processing begun of multimaterial:  me.Multimaterial#97
		num positions      :  362
		num normals        :  362
		num uvs            :  0
		num uvs2           :  0
		num colors         :  0
		num indices        :  1824
	processing begun of light (HEMI):  Lamp.004
	processing begun of light (HEMI):  Lamp.003
	processing begun of light (HEMI):  Lamp.002
	processing begun of light (HEMI):  Lamp.001
	processing begun of light (HEMI):  Lamp
========= Writing of scene file started =========
========= Writing of scene file completed =========
========= end of processing =========
