	Babylon.js Exporter version: 1.8.0, Blender version: 2.73 (sub 0)
========= Conversion from Blender to Babylon.js =========
	Python World class constructor completed
	processing begun of material:  starship.Material.001
	WARNING texture type not currently supported:  NONE, ignored.
	processing begun of material:  starship.Material.002
	processing begun of material:  starship.Material.003
	processing begun of material:  starship.Material.004
	processing begun of material:  starship.Material.005
	processing begun of material:  starship.Material.006
	processing begun of material:  starship.Material.007
	processing begun of mesh:  Cylinder.001
		WARNING:  No materials have been assigned: 
		num positions      :  64
		num normals        :  64
		num uvs            :  0
		num uvs2           :  0
		num colors         :  0
		num indices        :  372
	processing begun of mesh:  Torus
		WARNING:  No materials have been assigned: 
		num positions      :  576
		num normals        :  576
		num uvs            :  0
		num uvs2           :  0
		num colors         :  0
		num indices        :  3456
	processing begun of mesh:  Cone
		WARNING:  No materials have been assigned: 
		num positions      :  33
		num normals        :  33
		num uvs            :  0
		num uvs2           :  0
		num colors         :  0
		num indices        :  186
	processing begun of mesh:  Sphere
		num positions      :  482
		num normals        :  482
		num uvs            :  0
		num uvs2           :  0
		num colors         :  0
		num indices        :  2880
	processing begun of mesh:  Cylinder
		WARNING:  No materials have been assigned: 
		num positions      :  64
		num normals        :  64
		num uvs            :  0
		num uvs2           :  0
		num colors         :  0
		num indices        :  372
	processing begun of camera (FreeCamera):  Camera.Main
	processing begun of mesh:  border.001
		WARNING:  No materials have been assigned: 
		num positions      :  8
		num normals        :  8
		num uvs            :  0
		num uvs2           :  0
		num colors         :  0
		num indices        :  36
	processing begun of mesh:  border
		WARNING:  No materials have been assigned: 
		num positions      :  8
		num normals        :  8
		num uvs            :  0
		num uvs2           :  0
		num colors         :  0
		num indices        :  36
	processing begun of mesh:  Icosphere.064
		processing begun of multimaterial:  starship.Multimaterial#0
		num positions      :  182
		num normals        :  182
		num uvs            :  0
		num uvs2           :  0
		num colors         :  0
		num indices        :  1044
	processing begun of mesh:  Icosphere.063
		processing begun of multimaterial:  starship.Multimaterial#1
		num positions      :  182
		num normals        :  182
		num uvs            :  0
		num uvs2           :  0
		num colors         :  0
		num indices        :  1044
	processing begun of mesh:  Icosphere.062
		processing begun of multimaterial:  starship.Multimaterial#2
		num positions      :  182
		num normals        :  182
		num uvs            :  0
		num uvs2           :  0
		num colors         :  0
		num indices        :  1044
	processing begun of mesh:  Icosphere.061
		processing begun of multimaterial:  starship.Multimaterial#3
		num positions      :  182
		num normals        :  182
		num uvs            :  0
		num uvs2           :  0
		num colors         :  0
		num indices        :  1044
	processing begun of mesh:  Icosphere.060
		processing begun of multimaterial:  starship.Multimaterial#4
		num positions      :  182
		num normals        :  182
		num uvs            :  0
		num uvs2           :  0
		num colors         :  0
		num indices        :  1044
	processing begun of mesh:  Icosphere.059
		processing begun of multimaterial:  starship.Multimaterial#5
		num positions      :  182
		num normals        :  182
		num uvs            :  0
		num uvs2           :  0
		num colors         :  0
		num indices        :  1044
	processing begun of mesh:  Icosphere.058
		processing begun of multimaterial:  starship.Multimaterial#6
		num positions      :  182
		num normals        :  182
		num uvs            :  0
		num uvs2           :  0
		num colors         :  0
		num indices        :  1044
	processing begun of mesh:  Icosphere.057
		processing begun of multimaterial:  starship.Multimaterial#7
		num positions      :  182
		num normals        :  182
		num uvs            :  0
		num uvs2           :  0
		num colors         :  0
		num indices        :  1044
	processing begun of mesh:  Icosphere.056
		processing begun of multimaterial:  starship.Multimaterial#8
		num positions      :  182
		num normals        :  182
		num uvs            :  0
		num uvs2           :  0
		num colors         :  0
		num indices        :  1044
	processing begun of mesh:  Icosphere.055
		processing begun of multimaterial:  starship.Multimaterial#9
		num positions      :  182
		num normals        :  182
		num uvs            :  0
		num uvs2           :  0
		num colors         :  0
		num indices        :  1044
	processing begun of mesh:  Icosphere.054
		processing begun of multimaterial:  starship.Multimaterial#10
		num positions      :  182
		num normals        :  182
		num uvs            :  0
		num uvs2           :  0
		num colors         :  0
		num indices        :  1044
	processing begun of mesh:  Icosphere.053
		processing begun of multimaterial:  starship.Multimaterial#11
		num positions      :  182
		num normals        :  182
		num uvs            :  0
		num uvs2           :  0
		num colors         :  0
		num indices        :  1044
	processing begun of mesh:  Icosphere.052
		processing begun of multimaterial:  starship.Multimaterial#12
		num positions      :  182
		num normals        :  182
		num uvs            :  0
		num uvs2           :  0
		num colors         :  0
		num indices        :  1044
	processing begun of mesh:  Icosphere.051
		processing begun of multimaterial:  starship.Multimaterial#13
		num positions      :  182
		num normals        :  182
		num uvs            :  0
		num uvs2           :  0
		num colors         :  0
		num indices        :  1044
	processing begun of mesh:  Icosphere.050
		processing begun of multimaterial:  starship.Multimaterial#14
		num positions      :  182
		num normals        :  182
		num uvs            :  0
		num uvs2           :  0
		num colors         :  0
		num indices        :  1044
	processing begun of mesh:  Icosphere.049
		processing begun of multimaterial:  starship.Multimaterial#15
		num positions      :  182
		num normals        :  182
		num uvs            :  0
		num uvs2           :  0
		num colors         :  0
		num indices        :  1044
	processing begun of mesh:  Icosphere.048
		processing begun of multimaterial:  starship.Multimaterial#16
		num positions      :  182
		num normals        :  182
		num uvs            :  0
		num uvs2           :  0
		num colors         :  0
		num indices        :  1044
	processing begun of mesh:  Icosphere.047
		processing begun of multimaterial:  starship.Multimaterial#17
		num positions      :  182
		num normals        :  182
		num uvs            :  0
		num uvs2           :  0
		num colors         :  0
		num indices        :  1044
	processing begun of mesh:  Icosphere.046
		processing begun of multimaterial:  starship.Multimaterial#18
		num positions      :  182
		num normals        :  182
		num uvs            :  0
		num uvs2           :  0
		num colors         :  0
		num indices        :  1044
	processing begun of mesh:  Icosphere.045
		processing begun of multimaterial:  starship.Multimaterial#19
		num positions      :  182
		num normals        :  182
		num uvs            :  0
		num uvs2           :  0
		num colors         :  0
		num indices        :  1044
	processing begun of mesh:  Icosphere.044
		processing begun of multimaterial:  starship.Multimaterial#20
		num positions      :  182
		num normals        :  182
		num uvs            :  0
		num uvs2           :  0
		num colors         :  0
		num indices        :  1044
	processing begun of mesh:  Icosphere.043
		processing begun of multimaterial:  starship.Multimaterial#21
		num positions      :  182
		num normals        :  182
		num uvs            :  0
		num uvs2           :  0
		num colors         :  0
		num indices        :  1044
	processing begun of mesh:  Icosphere.042
		processing begun of multimaterial:  starship.Multimaterial#22
		num positions      :  182
		num normals        :  182
		num uvs            :  0
		num uvs2           :  0
		num colors         :  0
		num indices        :  1044
	processing begun of mesh:  Icosphere.041
		processing begun of multimaterial:  starship.Multimaterial#23
		num positions      :  182
		num normals        :  182
		num uvs            :  0
		num uvs2           :  0
		num colors         :  0
		num indices        :  1044
	processing begun of mesh:  Icosphere.040
		processing begun of multimaterial:  starship.Multimaterial#24
		num positions      :  182
		num normals        :  182
		num uvs            :  0
		num uvs2           :  0
		num colors         :  0
		num indices        :  1044
	processing begun of mesh:  Icosphere.039
		processing begun of multimaterial:  starship.Multimaterial#25
		num positions      :  182
		num normals        :  182
		num uvs            :  0
		num uvs2           :  0
		num colors         :  0
		num indices        :  1044
	processing begun of mesh:  Icosphere.038
		processing begun of multimaterial:  starship.Multimaterial#26
		num positions      :  182
		num normals        :  182
		num uvs            :  0
		num uvs2           :  0
		num colors         :  0
		num indices        :  1044
	processing begun of mesh:  Icosphere.037
		processing begun of multimaterial:  starship.Multimaterial#27
		num positions      :  182
		num normals        :  182
		num uvs            :  0
		num uvs2           :  0
		num colors         :  0
		num indices        :  1044
	processing begun of mesh:  Icosphere.036
		processing begun of multimaterial:  starship.Multimaterial#28
		num positions      :  182
		num normals        :  182
		num uvs            :  0
		num uvs2           :  0
		num colors         :  0
		num indices        :  1044
	processing begun of mesh:  Icosphere.035
		processing begun of multimaterial:  starship.Multimaterial#29
		num positions      :  182
		num normals        :  182
		num uvs            :  0
		num uvs2           :  0
		num colors         :  0
		num indices        :  1044
	processing begun of mesh:  Icosphere.034
		processing begun of multimaterial:  starship.Multimaterial#30
		num positions      :  182
		num normals        :  182
		num uvs            :  0
		num uvs2           :  0
		num colors         :  0
		num indices        :  1044
	processing begun of mesh:  Icosphere.033
		processing begun of multimaterial:  starship.Multimaterial#31
		num positions      :  182
		num normals        :  182
		num uvs            :  0
		num uvs2           :  0
		num colors         :  0
		num indices        :  1044
	processing begun of mesh:  Icosphere.032
		processing begun of multimaterial:  starship.Multimaterial#32
		num positions      :  182
		num normals        :  182
		num uvs            :  0
		num uvs2           :  0
		num colors         :  0
		num indices        :  1044
	processing begun of mesh:  Icosphere.031
		processing begun of multimaterial:  starship.Multimaterial#33
		num positions      :  182
		num normals        :  182
		num uvs            :  0
		num uvs2           :  0
		num colors         :  0
		num indices        :  1044
	processing begun of mesh:  Icosphere.030
		processing begun of multimaterial:  starship.Multimaterial#34
		num positions      :  182
		num normals        :  182
		num uvs            :  0
		num uvs2           :  0
		num colors         :  0
		num indices        :  1044
	processing begun of mesh:  Icosphere.029
		processing begun of multimaterial:  starship.Multimaterial#35
		num positions      :  182
		num normals        :  182
		num uvs            :  0
		num uvs2           :  0
		num colors         :  0
		num indices        :  1044
	processing begun of mesh:  Icosphere.028
		processing begun of multimaterial:  starship.Multimaterial#36
		num positions      :  182
		num normals        :  182
		num uvs            :  0
		num uvs2           :  0
		num colors         :  0
		num indices        :  1044
	processing begun of mesh:  Icosphere.027
		processing begun of multimaterial:  starship.Multimaterial#37
		num positions      :  182
		num normals        :  182
		num uvs            :  0
		num uvs2           :  0
		num colors         :  0
		num indices        :  1044
	processing begun of mesh:  Icosphere.026
		processing begun of multimaterial:  starship.Multimaterial#38
		num positions      :  182
		num normals        :  182
		num uvs            :  0
		num uvs2           :  0
		num colors         :  0
		num indices        :  1044
	processing begun of mesh:  Icosphere.025
		processing begun of multimaterial:  starship.Multimaterial#39
		num positions      :  182
		num normals        :  182
		num uvs            :  0
		num uvs2           :  0
		num colors         :  0
		num indices        :  1044
	processing begun of mesh:  Icosphere.024
		processing begun of multimaterial:  starship.Multimaterial#40
		num positions      :  182
		num normals        :  182
		num uvs            :  0
		num uvs2           :  0
		num colors         :  0
		num indices        :  1044
	processing begun of mesh:  Icosphere.023
		processing begun of multimaterial:  starship.Multimaterial#41
		num positions      :  182
		num normals        :  182
		num uvs            :  0
		num uvs2           :  0
		num colors         :  0
		num indices        :  1044
	processing begun of mesh:  Icosphere.022
		processing begun of multimaterial:  starship.Multimaterial#42
		num positions      :  182
		num normals        :  182
		num uvs            :  0
		num uvs2           :  0
		num colors         :  0
		num indices        :  1044
	processing begun of mesh:  Icosphere.021
		processing begun of multimaterial:  starship.Multimaterial#43
		num positions      :  182
		num normals        :  182
		num uvs            :  0
		num uvs2           :  0
		num colors         :  0
		num indices        :  1044
	processing begun of mesh:  Icosphere.020
		processing begun of multimaterial:  starship.Multimaterial#44
		num positions      :  182
		num normals        :  182
		num uvs            :  0
		num uvs2           :  0
		num colors         :  0
		num indices        :  1044
	processing begun of mesh:  Icosphere.019
		processing begun of multimaterial:  starship.Multimaterial#45
		num positions      :  182
		num normals        :  182
		num uvs            :  0
		num uvs2           :  0
		num colors         :  0
		num indices        :  1044
	processing begun of mesh:  Icosphere.000
		processing begun of multimaterial:  starship.Multimaterial#46
		num positions      :  182
		num normals        :  182
		num uvs            :  0
		num uvs2           :  0
		num colors         :  0
		num indices        :  1044
	processing begun of mesh:  Icosphere.018
		processing begun of multimaterial:  starship.Multimaterial#47
		num positions      :  182
		num normals        :  182
		num uvs            :  0
		num uvs2           :  0
		num colors         :  0
		num indices        :  1044
	processing begun of mesh:  Icosphere.017
		processing begun of multimaterial:  starship.Multimaterial#48
		num positions      :  182
		num normals        :  182
		num uvs            :  0
		num uvs2           :  0
		num colors         :  0
		num indices        :  1044
	processing begun of mesh:  Icosphere.016
		processing begun of multimaterial:  starship.Multimaterial#49
		num positions      :  182
		num normals        :  182
		num uvs            :  0
		num uvs2           :  0
		num colors         :  0
		num indices        :  1044
	processing begun of mesh:  Icosphere.015
		processing begun of multimaterial:  starship.Multimaterial#50
		num positions      :  182
		num normals        :  182
		num uvs            :  0
		num uvs2           :  0
		num colors         :  0
		num indices        :  1044
	processing begun of mesh:  Icosphere.014
		processing begun of multimaterial:  starship.Multimaterial#51
		num positions      :  182
		num normals        :  182
		num uvs            :  0
		num uvs2           :  0
		num colors         :  0
		num indices        :  1044
	processing begun of mesh:  Icosphere.013
		processing begun of multimaterial:  starship.Multimaterial#52
		num positions      :  182
		num normals        :  182
		num uvs            :  0
		num uvs2           :  0
		num colors         :  0
		num indices        :  1044
	processing begun of mesh:  Icosphere.012
		processing begun of multimaterial:  starship.Multimaterial#53
		num positions      :  182
		num normals        :  182
		num uvs            :  0
		num uvs2           :  0
		num colors         :  0
		num indices        :  1044
	processing begun of mesh:  Icosphere.011
		processing begun of multimaterial:  starship.Multimaterial#54
		num positions      :  182
		num normals        :  182
		num uvs            :  0
		num uvs2           :  0
		num colors         :  0
		num indices        :  1044
	processing begun of mesh:  Icosphere.010
		processing begun of multimaterial:  starship.Multimaterial#55
		num positions      :  182
		num normals        :  182
		num uvs            :  0
		num uvs2           :  0
		num colors         :  0
		num indices        :  1044
	processing begun of mesh:  Icosphere.009
		processing begun of multimaterial:  starship.Multimaterial#56
		num positions      :  182
		num normals        :  182
		num uvs            :  0
		num uvs2           :  0
		num colors         :  0
		num indices        :  1044
	processing begun of mesh:  Icosphere.008
		processing begun of multimaterial:  starship.Multimaterial#57
		num positions      :  182
		num normals        :  182
		num uvs            :  0
		num uvs2           :  0
		num colors         :  0
		num indices        :  1044
	processing begun of mesh:  Icosphere.007
		processing begun of multimaterial:  starship.Multimaterial#58
		num positions      :  182
		num normals        :  182
		num uvs            :  0
		num uvs2           :  0
		num colors         :  0
		num indices        :  1044
	processing begun of mesh:  Icosphere.006
		processing begun of multimaterial:  starship.Multimaterial#59
		num positions      :  182
		num normals        :  182
		num uvs            :  0
		num uvs2           :  0
		num colors         :  0
		num indices        :  1044
	processing begun of mesh:  Icosphere.005
		processing begun of multimaterial:  starship.Multimaterial#60
		num positions      :  182
		num normals        :  182
		num uvs            :  0
		num uvs2           :  0
		num colors         :  0
		num indices        :  1044
	processing begun of mesh:  Icosphere.004
		processing begun of multimaterial:  starship.Multimaterial#61
		num positions      :  182
		num normals        :  182
		num uvs            :  0
		num uvs2           :  0
		num colors         :  0
		num indices        :  1044
	processing begun of mesh:  Icosphere.003
		processing begun of multimaterial:  starship.Multimaterial#62
		num positions      :  182
		num normals        :  182
		num uvs            :  0
		num uvs2           :  0
		num colors         :  0
		num indices        :  1044
	processing begun of mesh:  Icosphere.002
		processing begun of multimaterial:  starship.Multimaterial#63
		num positions      :  182
		num normals        :  182
		num uvs            :  0
		num uvs2           :  0
		num colors         :  0
		num indices        :  1044
	processing begun of mesh:  Plane
		num positions      :  4
		num normals        :  4
		num uvs            :  0
		num uvs2           :  0
		num colors         :  0
		num indices        :  6
	processing begun of mesh:  Icosphere.001
		processing begun of multimaterial:  starship.Multimaterial#64
		num positions      :  182
		num normals        :  182
		num uvs            :  0
		num uvs2           :  0
		num colors         :  0
		num indices        :  1044
	processing begun of mesh:  rock
		processing begun of multimaterial:  starship.Multimaterial#65
		num positions      :  1582
		num normals        :  1582
		num uvs            :  0
		num uvs2           :  0
		num colors         :  0
		num indices        :  8160
	processing begun of light (HEMI):  Lamp.004
	processing begun of light (HEMI):  Lamp.003
	processing begun of light (HEMI):  Lamp.002
	processing begun of light (HEMI):  Lamp.001
	processing begun of light (HEMI):  Lamp
========= Writing of scene file started =========
========= Writing of scene file completed =========
========= end of processing =========
